{"contracts/crowdsale/CappedCrowdsale.sol":{"l":{"17":1,"18":1,"24":0,"25":0,"31":0,"32":0},"path":"/home/hayek/proj/igave-contracts/contracts/crowdsale/CappedCrowdsale.sol","s":{"1":1,"2":1,"3":0,"4":0,"5":0,"6":0},"b":{"1":[1,0]},"f":{"1":1,"2":0,"3":0},"fnMap":{"1":{"name":"CappedCrowdsale","line":16,"loc":{"start":{"line":16,"column":2},"end":{"line":16,"column":47}}},"2":{"name":"hasEnded","line":23,"loc":{"start":{"line":23,"column":2},"end":{"line":23,"column":48}}},"3":{"name":"validPurchase","line":30,"loc":{"start":{"line":30,"column":2},"end":{"line":30,"column":55}}}},"statementMap":{"1":{"start":{"line":17,"column":4},"end":{"line":17,"column":20}},"2":{"start":{"line":18,"column":4},"end":{"line":18,"column":13}},"3":{"start":{"line":24,"column":4},"end":{"line":24,"column":37}},"4":{"start":{"line":25,"column":4},"end":{"line":25,"column":41}},"5":{"start":{"line":31,"column":4},"end":{"line":31,"column":51}},"6":{"start":{"line":32,"column":4},"end":{"line":32,"column":45}}},"branchMap":{"1":{"line":17,"type":"if","locations":[{"start":{"line":17,"column":4},"end":{"line":17,"column":4}},{"start":{"line":17,"column":4},"end":{"line":17,"column":4}}]}}},"contracts/crowdsale/Crowdsale.sol":{"l":{"47":1,"48":1,"49":1,"50":1,"51":1,"53":1,"54":1,"55":1,"56":1,"57":1,"62":0,"67":0,"68":0,"70":0,"73":0,"76":0,"78":0,"79":0,"81":0,"86":0,"91":0,"97":0,"102":0,"103":0,"104":0},"path":"/home/hayek/proj/igave-contracts/contracts/crowdsale/Crowdsale.sol","s":{"1":1,"2":1,"3":1,"4":1,"5":1,"6":1,"7":1,"8":1,"9":1,"10":1,"11":0,"12":0,"13":0,"14":0,"15":0,"16":0,"17":0,"18":0,"19":0,"20":0,"21":0,"22":0,"23":0},"b":{"1":[1,0],"2":[1,0],"3":[1,0],"4":[1,0],"5":[1,0],"6":[0,0],"7":[0,0]},"f":{"1":1,"2":0,"3":0,"4":0,"5":0,"6":0,"7":0},"fnMap":{"1":{"name":"Crowdsale","line":46,"loc":{"start":{"line":46,"column":2},"end":{"line":46,"column":119}}},"2":{"name":null,"line":61,"loc":{"start":{"line":61,"column":2},"end":{"line":61,"column":30}}},"3":{"name":"buyTokens","line":66,"loc":{"start":{"line":66,"column":2},"end":{"line":66,"column":56}}},"4":{"name":"hasEnded","line":85,"loc":{"start":{"line":85,"column":2},"end":{"line":85,"column":48}}},"5":{"name":"getTokenAmount","line":90,"loc":{"start":{"line":90,"column":2},"end":{"line":90,"column":75}}},"6":{"name":"forwardFunds","line":96,"loc":{"start":{"line":96,"column":2},"end":{"line":96,"column":34}}},"7":{"name":"validPurchase","line":101,"loc":{"start":{"line":101,"column":2},"end":{"line":101,"column":55}}}},"statementMap":{"1":{"start":{"line":47,"column":4},"end":{"line":47,"column":29}},"2":{"start":{"line":48,"column":4},"end":{"line":48,"column":34}},"3":{"start":{"line":49,"column":4},"end":{"line":49,"column":21}},"4":{"start":{"line":50,"column":4},"end":{"line":50,"column":33}},"5":{"start":{"line":51,"column":4},"end":{"line":51,"column":32}},"6":{"start":{"line":53,"column":4},"end":{"line":53,"column":25}},"7":{"start":{"line":54,"column":4},"end":{"line":54,"column":21}},"8":{"start":{"line":55,"column":4},"end":{"line":55,"column":15}},"9":{"start":{"line":56,"column":4},"end":{"line":56,"column":19}},"10":{"start":{"line":57,"column":4},"end":{"line":57,"column":17}},"11":{"start":{"line":62,"column":4},"end":{"line":62,"column":24}},"12":{"start":{"line":67,"column":4},"end":{"line":67,"column":37}},"13":{"start":{"line":68,"column":4},"end":{"line":68,"column":27}},"14":{"start":{"line":70,"column":4},"end":{"line":70,"column":32}},"15":{"start":{"line":73,"column":4},"end":{"line":73,"column":45}},"16":{"start":{"line":76,"column":4},"end":{"line":76,"column":39}},"17":{"start":{"line":79,"column":4},"end":{"line":79,"column":60}},"18":{"start":{"line":81,"column":4},"end":{"line":81,"column":17}},"19":{"start":{"line":86,"column":4},"end":{"line":86,"column":24}},"20":{"start":{"line":91,"column":4},"end":{"line":91,"column":30}},"21":{"start":{"line":102,"column":4},"end":{"line":102,"column":57}},"22":{"start":{"line":103,"column":4},"end":{"line":103,"column":40}},"23":{"start":{"line":104,"column":4},"end":{"line":104,"column":42}}},"branchMap":{"1":{"line":47,"type":"if","locations":[{"start":{"line":47,"column":4},"end":{"line":47,"column":4}},{"start":{"line":47,"column":4},"end":{"line":47,"column":4}}]},"2":{"line":48,"type":"if","locations":[{"start":{"line":48,"column":4},"end":{"line":48,"column":4}},{"start":{"line":48,"column":4},"end":{"line":48,"column":4}}]},"3":{"line":49,"type":"if","locations":[{"start":{"line":49,"column":4},"end":{"line":49,"column":4}},{"start":{"line":49,"column":4},"end":{"line":49,"column":4}}]},"4":{"line":50,"type":"if","locations":[{"start":{"line":50,"column":4},"end":{"line":50,"column":4}},{"start":{"line":50,"column":4},"end":{"line":50,"column":4}}]},"5":{"line":51,"type":"if","locations":[{"start":{"line":51,"column":4},"end":{"line":51,"column":4}},{"start":{"line":51,"column":4},"end":{"line":51,"column":4}}]},"6":{"line":67,"type":"if","locations":[{"start":{"line":67,"column":4},"end":{"line":67,"column":4}},{"start":{"line":67,"column":4},"end":{"line":67,"column":4}}]},"7":{"line":68,"type":"if","locations":[{"start":{"line":68,"column":4},"end":{"line":68,"column":4}},{"start":{"line":68,"column":4},"end":{"line":68,"column":4}}]}}},"contracts/crowdsale/FinalizableCrowdsale.sol":{"l":{"25":0,"26":0,"28":0,"29":0,"31":0},"path":"/home/hayek/proj/igave-contracts/contracts/crowdsale/FinalizableCrowdsale.sol","s":{"1":0,"2":0,"3":0,"4":0,"5":0},"b":{"1":[0,0],"2":[0,0]},"f":{"1":0,"2":0},"fnMap":{"1":{"name":"finalize","line":24,"loc":{"start":{"line":24,"column":2},"end":{"line":24,"column":38}}},"2":{"name":"finalization","line":39,"loc":{"start":{"line":39,"column":2},"end":{"line":39,"column":34}}}},"statementMap":{"1":{"start":{"line":25,"column":4},"end":{"line":25,"column":24}},"2":{"start":{"line":26,"column":4},"end":{"line":26,"column":22}},"3":{"start":{"line":28,"column":4},"end":{"line":28,"column":17}},"4":{"start":{"line":29,"column":4},"end":{"line":29,"column":14}},"5":{"start":{"line":31,"column":4},"end":{"line":31,"column":21}}},"branchMap":{"1":{"line":25,"type":"if","locations":[{"start":{"line":25,"column":4},"end":{"line":25,"column":4}},{"start":{"line":25,"column":4},"end":{"line":25,"column":4}}]},"2":{"line":26,"type":"if","locations":[{"start":{"line":26,"column":4},"end":{"line":26,"column":4}},{"start":{"line":26,"column":4},"end":{"line":26,"column":4}}]}}},"contracts/crowdsale/RefundableCrowdsale.sol":{"l":{"25":1,"26":1,"27":1,"32":0,"33":0,"35":0,"39":0,"44":0,"45":0,"47":0,"50":0,"57":0},"path":"/home/hayek/proj/igave-contracts/contracts/crowdsale/RefundableCrowdsale.sol","s":{"1":1,"2":1,"3":1,"4":0,"5":0,"6":0,"7":0},"b":{"1":[1,0],"2":[0,0],"3":[0,0],"4":[0,0]},"f":{"1":1,"2":0,"3":0,"4":0,"5":0},"fnMap":{"1":{"name":"RefundableCrowdsale","line":24,"loc":{"start":{"line":24,"column":2},"end":{"line":24,"column":52}}},"2":{"name":"claimRefund","line":31,"loc":{"start":{"line":31,"column":2},"end":{"line":31,"column":31}}},"3":{"name":"goalReached","line":38,"loc":{"start":{"line":38,"column":2},"end":{"line":38,"column":51}}},"4":{"name":"finalization","line":43,"loc":{"start":{"line":43,"column":2},"end":{"line":43,"column":34}}},"5":{"name":"forwardFunds","line":56,"loc":{"start":{"line":56,"column":2},"end":{"line":56,"column":34}}}},"statementMap":{"1":{"start":{"line":25,"column":4},"end":{"line":25,"column":21}},"2":{"start":{"line":26,"column":4},"end":{"line":26,"column":34}},"3":{"start":{"line":27,"column":4},"end":{"line":27,"column":15}},"4":{"start":{"line":32,"column":4},"end":{"line":32,"column":23}},"5":{"start":{"line":33,"column":4},"end":{"line":33,"column":26}},"6":{"start":{"line":39,"column":4},"end":{"line":39,"column":28}},"7":{"start":{"line":44,"column":4},"end":{"line":44,"column":1130}}},"branchMap":{"1":{"line":25,"type":"if","locations":[{"start":{"line":25,"column":4},"end":{"line":25,"column":4}},{"start":{"line":25,"column":4},"end":{"line":25,"column":4}}]},"2":{"line":32,"type":"if","locations":[{"start":{"line":32,"column":4},"end":{"line":32,"column":4}},{"start":{"line":32,"column":4},"end":{"line":32,"column":4}}]},"3":{"line":33,"type":"if","locations":[{"start":{"line":33,"column":4},"end":{"line":33,"column":4}},{"start":{"line":33,"column":4},"end":{"line":33,"column":4}}]},"4":{"line":44,"type":"if","locations":[{"start":{"line":44,"column":4},"end":{"line":44,"column":4}},{"start":{"line":44,"column":4},"end":{"line":44,"column":4}}]}}},"contracts/crowdsale/RefundVault.sol":{"l":{"27":1,"28":1,"29":1,"33":0,"34":0,"38":0,"39":0,"40":0,"41":0,"45":0,"46":0,"47":0,"51":0,"52":0,"53":0,"54":0,"55":0},"path":"/home/hayek/proj/igave-contracts/contracts/crowdsale/RefundVault.sol","s":{"1":1,"2":1,"3":1,"4":0,"5":0,"6":0,"7":0,"8":0,"9":0,"10":0,"11":0,"12":0,"13":0,"14":0,"15":0},"b":{"1":[1,0],"2":[0,0],"3":[0,0],"4":[0,0],"5":[0,0]},"f":{"1":1,"2":0,"3":0,"4":0,"5":0},"fnMap":{"1":{"name":"RefundVault","line":26,"loc":{"start":{"line":26,"column":2},"end":{"line":26,"column":46}}},"2":{"name":"deposit","line":32,"loc":{"start":{"line":32,"column":2},"end":{"line":32,"column":61}}},"3":{"name":"close","line":37,"loc":{"start":{"line":37,"column":2},"end":{"line":37,"column":35}}},"4":{"name":"enableRefunds","line":44,"loc":{"start":{"line":44,"column":2},"end":{"line":44,"column":43}}},"5":{"name":"refund","line":50,"loc":{"start":{"line":50,"column":2},"end":{"line":50,"column":42}}}},"statementMap":{"1":{"start":{"line":27,"column":4},"end":{"line":27,"column":33}},"2":{"start":{"line":28,"column":4},"end":{"line":28,"column":19}},"3":{"start":{"line":29,"column":4},"end":{"line":29,"column":23}},"4":{"start":{"line":33,"column":4},"end":{"line":33,"column":33}},"5":{"start":{"line":34,"column":4},"end":{"line":34,"column":59}},"6":{"start":{"line":38,"column":4},"end":{"line":38,"column":33}},"7":{"start":{"line":39,"column":4},"end":{"line":39,"column":23}},"8":{"start":{"line":40,"column":4},"end":{"line":40,"column":11}},"9":{"start":{"line":45,"column":4},"end":{"line":45,"column":33}},"10":{"start":{"line":46,"column":4},"end":{"line":46,"column":26}},"11":{"start":{"line":47,"column":4},"end":{"line":47,"column":19}},"12":{"start":{"line":51,"column":4},"end":{"line":51,"column":36}},"13":{"start":{"line":52,"column":4},"end":{"line":52,"column":47}},"14":{"start":{"line":53,"column":4},"end":{"line":53,"column":26}},"15":{"start":{"line":55,"column":4},"end":{"line":55,"column":37}}},"branchMap":{"1":{"line":27,"type":"if","locations":[{"start":{"line":27,"column":4},"end":{"line":27,"column":4}},{"start":{"line":27,"column":4},"end":{"line":27,"column":4}}]},"2":{"line":33,"type":"if","locations":[{"start":{"line":33,"column":4},"end":{"line":33,"column":4}},{"start":{"line":33,"column":4},"end":{"line":33,"column":4}}]},"3":{"line":38,"type":"if","locations":[{"start":{"line":38,"column":4},"end":{"line":38,"column":4}},{"start":{"line":38,"column":4},"end":{"line":38,"column":4}}]},"4":{"line":45,"type":"if","locations":[{"start":{"line":45,"column":4},"end":{"line":45,"column":4}},{"start":{"line":45,"column":4},"end":{"line":45,"column":4}}]},"5":{"line":51,"type":"if","locations":[{"start":{"line":51,"column":4},"end":{"line":51,"column":4}},{"start":{"line":51,"column":4},"end":{"line":51,"column":4}}]}}},"contracts/dao/Association.sol":{"l":{"7":1,"11":1,"12":1,"16":0,"25":0,"26":0,"27":0,"31":0,"40":0,"41":0,"43":0,"85":0,"86":0,"95":1,"109":1,"110":1,"111":1,"112":1,"113":1,"136":0,"137":0,"138":0,"139":0,"140":0,"141":0,"142":0,"143":0,"144":0,"145":0,"146":0,"147":0,"149":0,"173":0,"194":0,"195":0,"214":0,"215":0,"217":0,"218":0,"219":0,"220":0,"221":0,"222":0,"234":0,"236":0,"241":0,"242":0,"243":0,"245":0,"246":0,"247":0,"248":0,"249":0,"250":0,"252":0,"256":0,"258":0,"261":0,"262":0,"264":0,"267":0,"271":0},"path":"/home/hayek/proj/igave-contracts/contracts/dao/Association.sol","s":{"1":1,"2":1,"3":0,"4":0,"5":0,"6":0,"7":0,"8":0,"9":0,"10":0,"11":0,"12":1,"13":1,"14":1,"15":0,"16":1,"17":1,"18":1,"19":0,"20":0,"21":0,"22":0,"23":0,"24":0,"25":0,"26":0,"27":0,"28":0,"29":0,"30":0,"31":0,"32":0,"33":0,"34":0,"35":0,"36":0,"37":0,"38":0,"39":0,"40":0,"41":0,"42":0,"43":0,"44":0,"45":0,"46":0,"47":0,"48":0,"49":0,"50":0,"51":0,"52":0,"53":0,"54":0,"55":0,"56":0,"57":0,"58":0,"59":0,"60":0,"61":0},"b":{"1":[1,0],"2":[0,0],"3":[0,0],"4":[0,0],"5":[0,1],"6":[0,0],"7":[0,0],"8":[0,0],"9":[0,0],"10":[0,0],"11":[0,0]},"f":{"1":1,"2":1,"3":0,"4":0,"5":0,"6":0,"7":0,"8":1,"9":1,"10":0,"11":0,"12":0,"13":0,"14":0},"fnMap":{"1":{"name":"owned","line":6,"loc":{"start":{"line":6,"column":2},"end":{"line":6,"column":25}}},"2":{"name":"onlyOwner","line":10,"loc":{"start":{"line":10,"column":2},"end":{"line":10,"column":20}}},"3":{"name":"transferOwnership","line":15,"loc":{"start":{"line":15,"column":2},"end":{"line":15,"column":63}}},"4":{"name":"receiveApproval","line":24,"loc":{"start":{"line":24,"column":2},"end":{"line":24,"column":98}}},"5":{"name":null,"line":30,"loc":{"start":{"line":30,"column":2},"end":{"line":30,"column":29}}},"6":{"name":"balanceOf","line":39,"loc":{"start":{"line":39,"column":2},"end":{"line":39,"column":78}}},"7":{"name":"onlyShareholders","line":84,"loc":{"start":{"line":84,"column":2},"end":{"line":84,"column":27}}},"8":{"name":"Association","line":94,"loc":{"start":{"line":94,"column":2},"end":{"line":94,"column":112}}},"9":{"name":"changeVotingRules","line":108,"loc":{"start":{"line":108,"column":2},"end":{"line":108,"column":120}}},"10":{"name":"newProposal","line":126,"loc":{"start":{"line":126,"column":2},"end":{"line":135,"column":3}}},"11":{"name":"newProposalInEther","line":163,"loc":{"start":{"line":163,"column":2},"end":{"line":172,"column":3}}},"12":{"name":"checkProposalCode","line":184,"loc":{"start":{"line":184,"column":2},"end":{"line":193,"column":3}}},"13":{"name":"vote","line":206,"loc":{"start":{"line":206,"column":2},"end":{"line":213,"column":3}}},"14":{"name":"executeProposal","line":233,"loc":{"start":{"line":233,"column":2},"end":{"line":233,"column":81}}}},"statementMap":{"1":{"start":{"line":7,"column":4},"end":{"line":7,"column":21}},"2":{"start":{"line":11,"column":4},"end":{"line":11,"column":31}},"3":{"start":{"line":16,"column":4},"end":{"line":16,"column":19}},"4":{"start":{"line":25,"column":4},"end":{"line":25,"column":26}},"5":{"start":{"line":26,"column":4},"end":{"line":26,"column":47}},"6":{"start":{"line":27,"column":4},"end":{"line":27,"column":52}},"7":{"start":{"line":31,"column":4},"end":{"line":31,"column":39}},"8":{"start":{"line":40,"column":4},"end":{"line":40,"column":1007}},"9":{"start":{"line":41,"column":6},"end":{"line":41,"column":14}},"10":{"start":{"line":43,"column":6},"end":{"line":43,"column":36}},"11":{"start":{"line":85,"column":4},"end":{"line":85,"column":56}},"12":{"start":{"line":95,"column":4},"end":{"line":95,"column":79}},"13":{"start":{"line":109,"column":4},"end":{"line":109,"column":44}},"14":{"start":{"line":110,"column":4},"end":{"line":110,"column":68}},"15":{"start":{"line":110,"column":40},"end":{"line":110,"column":67}},"16":{"start":{"line":111,"column":4},"end":{"line":111,"column":43}},"17":{"start":{"line":112,"column":4},"end":{"line":112,"column":45}},"18":{"start":{"line":113,"column":4},"end":{"line":113,"column":76}},"19":{"start":{"line":136,"column":4},"end":{"line":136,"column":34}},"20":{"start":{"line":137,"column":4},"end":{"line":137,"column":45}},"21":{"start":{"line":138,"column":4},"end":{"line":138,"column":28}},"22":{"start":{"line":139,"column":4},"end":{"line":139,"column":23}},"23":{"start":{"line":140,"column":4},"end":{"line":140,"column":33}},"24":{"start":{"line":141,"column":4},"end":{"line":141,"column":74}},"25":{"start":{"line":142,"column":4},"end":{"line":142,"column":63}},"26":{"start":{"line":143,"column":4},"end":{"line":143,"column":21}},"27":{"start":{"line":144,"column":4},"end":{"line":144,"column":27}},"28":{"start":{"line":145,"column":4},"end":{"line":145,"column":22}},"29":{"start":{"line":146,"column":4},"end":{"line":146,"column":68}},"30":{"start":{"line":147,"column":4},"end":{"line":147,"column":30}},"31":{"start":{"line":149,"column":4},"end":{"line":149,"column":21}},"32":{"start":{"line":173,"column":4},"end":{"line":173,"column":95}},"33":{"start":{"line":194,"column":4},"end":{"line":194,"column":49}},"34":{"start":{"line":195,"column":4},"end":{"line":195,"column":83}},"35":{"start":{"line":214,"column":4},"end":{"line":214,"column":49}},"36":{"start":{"line":215,"column":4},"end":{"line":215,"column":39}},"37":{"start":{"line":217,"column":4},"end":{"line":217,"column":28}},"38":{"start":{"line":218,"column":4},"end":{"line":218,"column":75}},"39":{"start":{"line":219,"column":4},"end":{"line":219,"column":29}},"40":{"start":{"line":220,"column":4},"end":{"line":220,"column":30}},"41":{"start":{"line":221,"column":4},"end":{"line":221,"column":55}},"42":{"start":{"line":222,"column":4},"end":{"line":222,"column":17}},"43":{"start":{"line":234,"column":4},"end":{"line":234,"column":49}},"44":{"start":{"line":236,"column":4},"end":{"line":236,"column":7284}},"45":{"start":{"line":241,"column":4},"end":{"line":241,"column":18}},"46":{"start":{"line":242,"column":4},"end":{"line":242,"column":15}},"47":{"start":{"line":243,"column":4},"end":{"line":243,"column":15}},"48":{"start":{"line":245,"column":4},"end":{"line":245,"column":7666}},"49":{"start":{"line":246,"column":6},"end":{"line":246,"column":32}},"50":{"start":{"line":247,"column":6},"end":{"line":247,"column":60}},"51":{"start":{"line":248,"column":6},"end":{"line":248,"column":25}},"52":{"start":{"line":249,"column":6},"end":{"line":249,"column":7845}},"53":{"start":{"line":250,"column":10},"end":{"line":250,"column":26}},"54":{"start":{"line":252,"column":10},"end":{"line":252,"column":26}},"55":{"start":{"line":256,"column":4},"end":{"line":256,"column":35}},"56":{"start":{"line":258,"column":4},"end":{"line":258,"column":8039}},"57":{"start":{"line":261,"column":6},"end":{"line":261,"column":22}},"58":{"start":{"line":262,"column":6},"end":{"line":262,"column":67}},"59":{"start":{"line":264,"column":6},"end":{"line":264,"column":28}},"60":{"start":{"line":267,"column":6},"end":{"line":267,"column":29}},"61":{"start":{"line":271,"column":4},"end":{"line":271,"column":71}}},"branchMap":{"1":{"line":11,"type":"if","locations":[{"start":{"line":11,"column":4},"end":{"line":11,"column":4}},{"start":{"line":11,"column":4},"end":{"line":11,"column":4}}]},"2":{"line":26,"type":"if","locations":[{"start":{"line":26,"column":4},"end":{"line":26,"column":4}},{"start":{"line":26,"column":4},"end":{"line":26,"column":4}}]},"3":{"line":40,"type":"if","locations":[{"start":{"line":40,"column":4},"end":{"line":40,"column":4}},{"start":{"line":40,"column":4},"end":{"line":40,"column":4}}]},"4":{"line":85,"type":"if","locations":[{"start":{"line":85,"column":4},"end":{"line":85,"column":4}},{"start":{"line":85,"column":4},"end":{"line":85,"column":4}}]},"5":{"line":110,"type":"if","locations":[{"start":{"line":110,"column":4},"end":{"line":110,"column":4}},{"start":{"line":110,"column":4},"end":{"line":110,"column":4}}]},"6":{"line":215,"type":"if","locations":[{"start":{"line":215,"column":4},"end":{"line":215,"column":4}},{"start":{"line":215,"column":4},"end":{"line":215,"column":4}}]},"7":{"line":236,"type":"if","locations":[{"start":{"line":236,"column":4},"end":{"line":236,"column":4}},{"start":{"line":236,"column":4},"end":{"line":236,"column":4}}]},"8":{"line":249,"type":"if","locations":[{"start":{"line":249,"column":6},"end":{"line":249,"column":6}},{"start":{"line":249,"column":6},"end":{"line":249,"column":6}}]},"9":{"line":256,"type":"if","locations":[{"start":{"line":256,"column":4},"end":{"line":256,"column":4}},{"start":{"line":256,"column":4},"end":{"line":256,"column":4}}]},"10":{"line":258,"type":"if","locations":[{"start":{"line":258,"column":4},"end":{"line":258,"column":4}},{"start":{"line":258,"column":4},"end":{"line":258,"column":4}}]},"11":{"line":262,"type":"if","locations":[{"start":{"line":262,"column":6},"end":{"line":262,"column":6}},{"start":{"line":262,"column":6},"end":{"line":262,"column":6}}]}}},"contracts/dao/MultiTenantAdapter.sol":{"l":{"15":0,"16":0,"17":0,"22":0,"26":0,"35":0,"42":0},"path":"/home/hayek/proj/igave-contracts/contracts/dao/MultiTenantAdapter.sol","s":{"1":0,"2":0,"3":0,"4":0,"5":0,"6":0},"b":{},"f":{"1":0,"2":0,"3":0,"4":0,"5":0},"fnMap":{"1":{"name":"MultiTenantAdapter","line":10,"loc":{"start":{"line":10,"column":2},"end":{"line":10,"column":31}}},"2":{"name":"balanceOf","line":14,"loc":{"start":{"line":14,"column":2},"end":{"line":14,"column":61}}},"3":{"name":"addMember","line":25,"loc":{"start":{"line":25,"column":2},"end":{"line":25,"column":39}}},"4":{"name":"removeMember","line":34,"loc":{"start":{"line":34,"column":2},"end":{"line":34,"column":66}}},"5":{"name":"adjustVoteWeight","line":41,"loc":{"start":{"line":41,"column":2},"end":{"line":41,"column":87}}}},"statementMap":{"1":{"start":{"line":15,"column":4},"end":{"line":15,"column":22}},"2":{"start":{"line":16,"column":4},"end":{"line":16,"column":313}},"3":{"start":{"line":17,"column":6},"end":{"line":17,"column":376}},"4":{"start":{"line":22,"column":4},"end":{"line":22,"column":18}},"5":{"start":{"line":35,"column":4},"end":{"line":35,"column":53}},"6":{"start":{"line":42,"column":4},"end":{"line":42,"column":21}}},"branchMap":{}},"contracts/dapp/IGVAsset.sol":{"l":{"7":0,"11":0},"path":"/home/hayek/proj/igave-contracts/contracts/dapp/IGVAsset.sol","s":{"1":0,"2":0},"b":{},"f":{"1":0,"2":0},"fnMap":{"1":{"name":"name","line":6,"loc":{"start":{"line":6,"column":2},"end":{"line":6,"column":54}}},"2":{"name":"symbol","line":10,"loc":{"start":{"line":10,"column":2},"end":{"line":10,"column":58}}}},"statementMap":{"1":{"start":{"line":7,"column":4},"end":{"line":7,"column":25}},"2":{"start":{"line":11,"column":4},"end":{"line":11,"column":18}}},"branchMap":{}},"contracts/dapp/IGVCampaign.sol":{"l":{"61":1,"69":1,"70":1,"72":1,"74":1,"86":1,"95":1,"97":1,"98":1,"99":1,"101":1,"103":1,"116":1,"124":1,"126":1,"128":1,"130":1,"142":0,"144":0,"145":0,"146":0,"150":0,"151":0,"152":0,"153":0,"154":0,"155":0,"171":0,"173":0,"174":0,"175":0,"176":0,"177":0,"178":0,"193":0,"195":0,"196":0,"197":0,"198":0,"199":0,"213":0,"215":0,"216":0,"217":0,"218":0,"219":0,"228":0,"238":0,"242":0,"247":0,"248":0,"252":0},"path":"/home/hayek/proj/igave-contracts/contracts/dapp/IGVCampaign.sol","s":{"1":1,"2":1,"3":1,"4":1,"5":1,"6":1,"7":1,"8":1,"9":1,"10":1,"11":1,"12":1,"13":1,"14":1,"15":0,"16":0,"17":0,"18":0,"19":0,"20":0,"21":0,"22":0,"23":0,"24":0,"25":0,"26":0,"27":0,"28":0,"29":0,"30":0,"31":0,"32":0,"33":0,"34":0,"35":0,"36":0,"37":0,"38":0,"39":0,"40":0,"41":0,"42":0,"43":0,"44":0,"45":0,"46":0,"47":0,"48":0},"b":{"1":[0,0],"2":[0,0],"3":[0,0],"4":[0,0],"5":[0,0]},"f":{"1":1,"2":1,"3":1,"4":0,"5":0,"6":0,"7":0,"8":0,"9":0,"10":0,"11":0,"12":0,"13":0},"fnMap":{"1":{"name":"_createToken","line":51,"loc":{"start":{"line":51,"column":2},"end":{"line":60,"column":3}}},"2":{"name":"_createCampaign","line":78,"loc":{"start":{"line":78,"column":2},"end":{"line":85,"column":3}}},"3":{"name":"_createCertificate","line":106,"loc":{"start":{"line":106,"column":2},"end":{"line":114,"column":3}}},"4":{"name":"_updateCertificate","line":133,"loc":{"start":{"line":133,"column":2},"end":{"line":141,"column":3}}},"5":{"name":"withdrawCampaignBalance","line":149,"loc":{"start":{"line":149,"column":2},"end":{"line":149,"column":62}}},"6":{"name":"getCampaign","line":159,"loc":{"start":{"line":159,"column":2},"end":{"line":170,"column":5}}},"7":{"name":"getCertificate","line":181,"loc":{"start":{"line":181,"column":2},"end":{"line":191,"column":4}}},"8":{"name":"getToken","line":202,"loc":{"start":{"line":202,"column":2},"end":{"line":212,"column":4}}},"9":{"name":"getTotalCampaignsForOwner","line":222,"loc":{"start":{"line":222,"column":2},"end":{"line":227,"column":4}}},"10":{"name":"getCampaignIdByOwnerIndex","line":231,"loc":{"start":{"line":231,"column":2},"end":{"line":237,"column":4}}},"11":{"name":"totalCampaigns","line":241,"loc":{"start":{"line":241,"column":2},"end":{"line":241,"column":57}}},"12":{"name":"changeMaxCertificates","line":245,"loc":{"start":{"line":245,"column":2},"end":{"line":245,"column":75}}},"13":{"name":"getCampaignBalance","line":251,"loc":{"start":{"line":251,"column":2},"end":{"line":251,"column":80}}}},"statementMap":{"1":{"start":{"line":61,"column":4},"end":{"line":61,"column":1477}},"2":{"start":{"line":70,"column":4},"end":{"line":70,"column":43}},"3":{"start":{"line":72,"column":4},"end":{"line":72,"column":28}},"4":{"start":{"line":74,"column":4},"end":{"line":74,"column":21}},"5":{"start":{"line":86,"column":4},"end":{"line":86,"column":1974}},"6":{"start":{"line":95,"column":4},"end":{"line":95,"column":56}},"7":{"start":{"line":97,"column":4},"end":{"line":97,"column":47}},"8":{"start":{"line":99,"column":4},"end":{"line":99,"column":43}},"9":{"start":{"line":101,"column":4},"end":{"line":101,"column":40}},"10":{"start":{"line":103,"column":4},"end":{"line":103,"column":24}},"11":{"start":{"line":116,"column":4},"end":{"line":116,"column":2604}},"12":{"start":{"line":124,"column":4},"end":{"line":124,"column":82}},"13":{"start":{"line":128,"column":4},"end":{"line":128,"column":40}},"14":{"start":{"line":130,"column":4},"end":{"line":130,"column":27}},"15":{"start":{"line":142,"column":4},"end":{"line":142,"column":67}},"16":{"start":{"line":144,"column":4},"end":{"line":144,"column":70}},"17":{"start":{"line":145,"column":4},"end":{"line":145,"column":66}},"18":{"start":{"line":146,"column":4},"end":{"line":146,"column":68}},"19":{"start":{"line":150,"column":4},"end":{"line":150,"column":27}},"20":{"start":{"line":151,"column":4},"end":{"line":151,"column":59}},"21":{"start":{"line":152,"column":4},"end":{"line":152,"column":44}},"22":{"start":{"line":153,"column":4},"end":{"line":153,"column":50}},"23":{"start":{"line":154,"column":4},"end":{"line":154,"column":35}},"24":{"start":{"line":171,"column":4},"end":{"line":171,"column":45}},"25":{"start":{"line":173,"column":4},"end":{"line":173,"column":25}},"26":{"start":{"line":174,"column":4},"end":{"line":174,"column":39}},"27":{"start":{"line":175,"column":4},"end":{"line":175,"column":25}},"28":{"start":{"line":176,"column":4},"end":{"line":176,"column":27}},"29":{"start":{"line":177,"column":4},"end":{"line":177,"column":23}},"30":{"start":{"line":178,"column":4},"end":{"line":178,"column":25}},"31":{"start":{"line":193,"column":4},"end":{"line":193,"column":87}},"32":{"start":{"line":195,"column":4},"end":{"line":195,"column":47}},"33":{"start":{"line":196,"column":4},"end":{"line":196,"column":38}},"34":{"start":{"line":197,"column":4},"end":{"line":197,"column":44}},"35":{"start":{"line":198,"column":4},"end":{"line":198,"column":26}},"36":{"start":{"line":199,"column":4},"end":{"line":199,"column":37}},"37":{"start":{"line":213,"column":4},"end":{"line":213,"column":36}},"38":{"start":{"line":215,"column":4},"end":{"line":215,"column":41}},"39":{"start":{"line":216,"column":4},"end":{"line":216,"column":31}},"40":{"start":{"line":217,"column":4},"end":{"line":217,"column":40}},"41":{"start":{"line":218,"column":4},"end":{"line":218,"column":39}},"42":{"start":{"line":219,"column":4},"end":{"line":219,"column":48}},"43":{"start":{"line":228,"column":4},"end":{"line":228,"column":46}},"44":{"start":{"line":238,"column":4},"end":{"line":238,"column":46}},"45":{"start":{"line":242,"column":4},"end":{"line":242,"column":31}},"46":{"start":{"line":247,"column":4},"end":{"line":247,"column":36}},"47":{"start":{"line":248,"column":4},"end":{"line":248,"column":37}},"48":{"start":{"line":252,"column":4},"end":{"line":252,"column":39}}},"branchMap":{"1":{"line":142,"type":"if","locations":[{"start":{"line":142,"column":4},"end":{"line":142,"column":4}},{"start":{"line":142,"column":4},"end":{"line":142,"column":4}}]},"2":{"line":150,"type":"if","locations":[{"start":{"line":150,"column":4},"end":{"line":150,"column":4}},{"start":{"line":150,"column":4},"end":{"line":150,"column":4}}]},"3":{"line":151,"type":"if","locations":[{"start":{"line":151,"column":4},"end":{"line":151,"column":4}},{"start":{"line":151,"column":4},"end":{"line":151,"column":4}}]},"4":{"line":152,"type":"if","locations":[{"start":{"line":152,"column":4},"end":{"line":152,"column":4}},{"start":{"line":152,"column":4},"end":{"line":152,"column":4}}]},"5":{"line":247,"type":"if","locations":[{"start":{"line":247,"column":4},"end":{"line":247,"column":4}},{"start":{"line":247,"column":4},"end":{"line":247,"column":4}}]}}},"contracts/dapp/IGVCore.sol":{"l":{"21":0,"23":0,"24":0,"25":0,"36":0,"37":0,"39":0,"41":0,"42":0,"43":0,"45":0,"57":0,"58":0,"60":0,"62":0,"63":0,"64":0,"66":0,"77":0,"80":0,"81":0,"84":0,"86":0,"87":0,"89":0,"91":0,"93":0,"95":0,"99":0,"100":0,"102":0,"104":0,"108":0,"109":0,"110":0,"111":0,"113":0,"115":0,"119":0,"120":0,"121":0,"122":0,"124":0,"125":0,"126":0,"128":0,"132":0},"path":"/home/hayek/proj/igave-contracts/contracts/dapp/IGVCore.sol","s":{"1":0,"2":0,"3":0,"4":0,"5":0,"6":0,"7":0,"8":0,"9":0,"10":0,"11":0,"12":0,"13":0,"14":0,"15":0,"16":0,"17":0,"18":0,"19":0,"20":0,"21":0,"22":0,"23":0,"24":0,"25":0,"26":0,"27":0,"28":0,"29":0,"30":0,"31":0,"32":0,"33":0,"34":0,"35":0,"36":0,"37":0,"38":0,"39":0,"40":0,"41":0,"42":0,"43":0,"44":0,"45":0},"b":{"1":[0,0],"2":[0,0],"3":[0,0],"4":[0,0],"5":[0,0],"6":[0,0],"7":[0,0],"8":[0,0],"9":[0,0],"10":[0,0],"11":[0,0],"12":[0,0],"13":[0,0],"14":[0,0],"15":[0,0],"16":[0,0],"17":[0,0],"18":[0,0],"19":[0,0],"20":[0,0],"21":[0,0],"22":[0,0]},"f":{"1":0,"2":0,"3":0,"4":0,"5":0,"6":0,"7":0,"8":0},"fnMap":{"1":{"name":"createCampaign","line":13,"loc":{"start":{"line":13,"column":2},"end":{"line":20,"column":3}}},"2":{"name":"createCertificate","line":28,"loc":{"start":{"line":28,"column":2},"end":{"line":35,"column":3}}},"3":{"name":"updateCertificate","line":48,"loc":{"start":{"line":48,"column":2},"end":{"line":56,"column":3}}},"4":{"name":"createToken","line":69,"loc":{"start":{"line":69,"column":2},"end":{"line":76,"column":3}}},"5":{"name":"readyCampaign","line":98,"loc":{"start":{"line":98,"column":3},"end":{"line":98,"column":52}}},"6":{"name":"activateCampaign","line":107,"loc":{"start":{"line":107,"column":2},"end":{"line":107,"column":65}}},"7":{"name":"vetoCampaign","line":118,"loc":{"start":{"line":118,"column":2},"end":{"line":118,"column":62}}},"8":{"name":"changeEscrowAmount","line":131,"loc":{"start":{"line":131,"column":2},"end":{"line":131,"column":76}}}},"statementMap":{"1":{"start":{"line":21,"column":4},"end":{"line":21,"column":45}},"2":{"start":{"line":23,"column":4},"end":{"line":23,"column":74}},"3":{"start":{"line":24,"column":4},"end":{"line":24,"column":54}},"4":{"start":{"line":25,"column":4},"end":{"line":25,"column":21}},"5":{"start":{"line":36,"column":4},"end":{"line":36,"column":59}},"6":{"start":{"line":37,"column":4},"end":{"line":37,"column":27}},"7":{"start":{"line":39,"column":4},"end":{"line":39,"column":53}},"8":{"start":{"line":41,"column":4},"end":{"line":41,"column":36}},"9":{"start":{"line":42,"column":4},"end":{"line":42,"column":34}},"10":{"start":{"line":43,"column":4},"end":{"line":43,"column":35}},"11":{"start":{"line":45,"column":4},"end":{"line":45,"column":66}},"12":{"start":{"line":57,"column":4},"end":{"line":57,"column":59}},"13":{"start":{"line":58,"column":4},"end":{"line":58,"column":27}},"14":{"start":{"line":60,"column":4},"end":{"line":60,"column":53}},"15":{"start":{"line":62,"column":4},"end":{"line":62,"column":36}},"16":{"start":{"line":63,"column":4},"end":{"line":63,"column":34}},"17":{"start":{"line":64,"column":4},"end":{"line":64,"column":35}},"18":{"start":{"line":66,"column":4},"end":{"line":66,"column":83}},"19":{"start":{"line":77,"column":4},"end":{"line":77,"column":53}},"20":{"start":{"line":80,"column":4},"end":{"line":80,"column":35}},"21":{"start":{"line":81,"column":4},"end":{"line":81,"column":34}},"22":{"start":{"line":84,"column":4},"end":{"line":84,"column":87}},"23":{"start":{"line":86,"column":4},"end":{"line":86,"column":37}},"24":{"start":{"line":87,"column":4},"end":{"line":87,"column":51}},"25":{"start":{"line":89,"column":4},"end":{"line":89,"column":69}},"26":{"start":{"line":91,"column":4},"end":{"line":91,"column":44}},"27":{"start":{"line":93,"column":4},"end":{"line":93,"column":27}},"28":{"start":{"line":95,"column":4},"end":{"line":95,"column":88}},"29":{"start":{"line":99,"column":4},"end":{"line":99,"column":27}},"30":{"start":{"line":100,"column":4},"end":{"line":100,"column":59}},"31":{"start":{"line":102,"column":4},"end":{"line":102,"column":38}},"32":{"start":{"line":104,"column":4},"end":{"line":104,"column":29}},"33":{"start":{"line":108,"column":4},"end":{"line":108,"column":27}},"34":{"start":{"line":109,"column":4},"end":{"line":109,"column":50}},"35":{"start":{"line":110,"column":4},"end":{"line":110,"column":48}},"36":{"start":{"line":111,"column":4},"end":{"line":111,"column":56}},"37":{"start":{"line":113,"column":4},"end":{"line":113,"column":39}},"38":{"start":{"line":115,"column":4},"end":{"line":115,"column":32}},"39":{"start":{"line":119,"column":4},"end":{"line":119,"column":27}},"40":{"start":{"line":121,"column":4},"end":{"line":121,"column":37}},"41":{"start":{"line":122,"column":4},"end":{"line":122,"column":39}},"42":{"start":{"line":124,"column":4},"end":{"line":124,"column":73}},"43":{"start":{"line":125,"column":4},"end":{"line":125,"column":3264}},"44":{"start":{"line":128,"column":4},"end":{"line":128,"column":28}},"45":{"start":{"line":132,"column":4},"end":{"line":132,"column":47}}},"branchMap":{"1":{"line":21,"type":"if","locations":[{"start":{"line":21,"column":4},"end":{"line":21,"column":4}},{"start":{"line":21,"column":4},"end":{"line":21,"column":4}}]},"2":{"line":36,"type":"if","locations":[{"start":{"line":36,"column":4},"end":{"line":36,"column":4}},{"start":{"line":36,"column":4},"end":{"line":36,"column":4}}]},"3":{"line":37,"type":"if","locations":[{"start":{"line":37,"column":4},"end":{"line":37,"column":4}},{"start":{"line":37,"column":4},"end":{"line":37,"column":4}}]},"4":{"line":41,"type":"if","locations":[{"start":{"line":41,"column":4},"end":{"line":41,"column":4}},{"start":{"line":41,"column":4},"end":{"line":41,"column":4}}]},"5":{"line":42,"type":"if","locations":[{"start":{"line":42,"column":4},"end":{"line":42,"column":4}},{"start":{"line":42,"column":4},"end":{"line":42,"column":4}}]},"6":{"line":43,"type":"if","locations":[{"start":{"line":43,"column":4},"end":{"line":43,"column":4}},{"start":{"line":43,"column":4},"end":{"line":43,"column":4}}]},"7":{"line":57,"type":"if","locations":[{"start":{"line":57,"column":4},"end":{"line":57,"column":4}},{"start":{"line":57,"column":4},"end":{"line":57,"column":4}}]},"8":{"line":58,"type":"if","locations":[{"start":{"line":58,"column":4},"end":{"line":58,"column":4}},{"start":{"line":58,"column":4},"end":{"line":58,"column":4}}]},"9":{"line":62,"type":"if","locations":[{"start":{"line":62,"column":4},"end":{"line":62,"column":4}},{"start":{"line":62,"column":4},"end":{"line":62,"column":4}}]},"10":{"line":63,"type":"if","locations":[{"start":{"line":63,"column":4},"end":{"line":63,"column":4}},{"start":{"line":63,"column":4},"end":{"line":63,"column":4}}]},"11":{"line":64,"type":"if","locations":[{"start":{"line":64,"column":4},"end":{"line":64,"column":4}},{"start":{"line":64,"column":4},"end":{"line":64,"column":4}}]},"12":{"line":80,"type":"if","locations":[{"start":{"line":80,"column":4},"end":{"line":80,"column":4}},{"start":{"line":80,"column":4},"end":{"line":80,"column":4}}]},"13":{"line":81,"type":"if","locations":[{"start":{"line":81,"column":4},"end":{"line":81,"column":4}},{"start":{"line":81,"column":4},"end":{"line":81,"column":4}}]},"14":{"line":86,"type":"if","locations":[{"start":{"line":86,"column":4},"end":{"line":86,"column":4}},{"start":{"line":86,"column":4},"end":{"line":86,"column":4}}]},"15":{"line":87,"type":"if","locations":[{"start":{"line":87,"column":4},"end":{"line":87,"column":4}},{"start":{"line":87,"column":4},"end":{"line":87,"column":4}}]},"16":{"line":99,"type":"if","locations":[{"start":{"line":99,"column":4},"end":{"line":99,"column":4}},{"start":{"line":99,"column":4},"end":{"line":99,"column":4}}]},"17":{"line":100,"type":"if","locations":[{"start":{"line":100,"column":4},"end":{"line":100,"column":4}},{"start":{"line":100,"column":4},"end":{"line":100,"column":4}}]},"18":{"line":108,"type":"if","locations":[{"start":{"line":108,"column":4},"end":{"line":108,"column":4}},{"start":{"line":108,"column":4},"end":{"line":108,"column":4}}]},"19":{"line":109,"type":"if","locations":[{"start":{"line":109,"column":4},"end":{"line":109,"column":4}},{"start":{"line":109,"column":4},"end":{"line":109,"column":4}}]},"20":{"line":110,"type":"if","locations":[{"start":{"line":110,"column":4},"end":{"line":110,"column":4}},{"start":{"line":110,"column":4},"end":{"line":110,"column":4}}]},"21":{"line":111,"type":"if","locations":[{"start":{"line":111,"column":4},"end":{"line":111,"column":4}},{"start":{"line":111,"column":4},"end":{"line":111,"column":4}}]},"22":{"line":119,"type":"if","locations":[{"start":{"line":119,"column":4},"end":{"line":119,"column":4}},{"start":{"line":119,"column":4},"end":{"line":119,"column":4}}]}}},"contracts/IGVCrowdsale.sol":{"l":{"17":1},"path":"/home/hayek/proj/igave-contracts/contracts/IGVCrowdsale.sol","s":{"1":1},"b":{"1":[1,0]},"f":{"1":1},"fnMap":{"1":{"name":"IGVCrowdsale","line":9,"loc":{"start":{"line":9,"column":2},"end":{"line":14,"column":3}}}},"statementMap":{"1":{"start":{"line":17,"column":4},"end":{"line":17,"column":25}}},"branchMap":{"1":{"line":17,"type":"if","locations":[{"start":{"line":17,"column":4},"end":{"line":17,"column":4}},{"start":{"line":17,"column":4},"end":{"line":17,"column":4}}]}}},"contracts/IGVDAPP.sol":{"l":{"7":1,"9":1,"10":1,"11":1},"path":"/home/hayek/proj/igave-contracts/contracts/IGVDAPP.sol","s":{"1":1,"2":1,"3":1,"4":1},"b":{},"f":{"1":1},"fnMap":{"1":{"name":"IGVDAPP","line":6,"loc":{"start":{"line":6,"column":4},"end":{"line":6,"column":27}}}},"statementMap":{"1":{"start":{"line":7,"column":4},"end":{"line":7,"column":30}},"2":{"start":{"line":9,"column":4},"end":{"line":9,"column":54}},"3":{"start":{"line":10,"column":4},"end":{"line":10,"column":53}},"4":{"start":{"line":11,"column":4},"end":{"line":11,"column":39}}},"branchMap":{}},"contracts/IGVToken.sol":{"l":{},"path":"/home/hayek/proj/igave-contracts/contracts/IGVToken.sol","s":{},"b":{},"f":{},"fnMap":{},"statementMap":{},"branchMap":{}},"contracts/mocks/ERC721.mock.sol":{"l":{"13":0,"17":0},"path":"/home/hayek/proj/igave-contracts/contracts/mocks/ERC721.mock.sol","s":{},"b":{},"f":{"1":0,"2":0,"3":0},"fnMap":{"1":{"name":"ERC721TokenMock","line":10,"loc":{"start":{"line":10,"column":2},"end":{"line":10,"column":49}}},"2":{"name":"mint","line":12,"loc":{"start":{"line":12,"column":2},"end":{"line":12,"column":53}}},"3":{"name":"burn","line":16,"loc":{"start":{"line":16,"column":2},"end":{"line":16,"column":40}}}},"statementMap":{},"branchMap":{}},"contracts/mocks/Message.sol":{"l":{"8":0,"9":0,"13":0,"17":0,"18":0,"20":0},"path":"/home/hayek/proj/igave-contracts/contracts/mocks/Message.sol","s":{"1":0,"2":0,"3":0,"4":0,"5":0,"6":0},"b":{"1":[0,0],"2":[0,0]},"f":{"1":0,"2":0,"3":0},"fnMap":{"1":{"name":"showMessage","line":7,"loc":{"start":{"line":7,"column":2},"end":{"line":7,"column":92}}},"2":{"name":"fail","line":12,"loc":{"start":{"line":12,"column":2},"end":{"line":12,"column":24}}},"3":{"name":"call","line":16,"loc":{"start":{"line":16,"column":2},"end":{"line":16,"column":61}}}},"statementMap":{"1":{"start":{"line":8,"column":4},"end":{"line":8,"column":30}},"2":{"start":{"line":9,"column":4},"end":{"line":9,"column":15}},"3":{"start":{"line":13,"column":4},"end":{"line":13,"column":17}},"4":{"start":{"line":17,"column":4},"end":{"line":17,"column":398}},"5":{"start":{"line":18,"column":6},"end":{"line":18,"column":17}},"6":{"start":{"line":20,"column":6},"end":{"line":20,"column":18}}},"branchMap":{"1":{"line":13,"type":"if","locations":[{"start":{"line":13,"column":4},"end":{"line":13,"column":4}},{"start":{"line":13,"column":4},"end":{"line":13,"column":4}}]},"2":{"line":17,"type":"if","locations":[{"start":{"line":17,"column":4},"end":{"line":17,"column":4}},{"start":{"line":17,"column":4},"end":{"line":17,"column":4}}]}}},"contracts/mocks/Token.mock.sol":{"l":{"8":0,"9":0},"path":"/home/hayek/proj/igave-contracts/contracts/mocks/Token.mock.sol","s":{"1":0,"2":0},"b":{},"f":{"1":0},"fnMap":{"1":{"name":"IGVTokenMock","line":7,"loc":{"start":{"line":7,"column":2},"end":{"line":7,"column":48}}}},"statementMap":{"1":{"start":{"line":8,"column":4},"end":{"line":8,"column":33}},"2":{"start":{"line":9,"column":4},"end":{"line":9,"column":25}}},"branchMap":{}},"contracts/mocks/Token.template.sol":{"l":{"11":0,"12":0,"13":0,"14":0},"path":"/home/hayek/proj/igave-contracts/contracts/mocks/Token.template.sol","s":{"1":0,"2":0,"3":0,"4":0},"b":{},"f":{"1":0},"fnMap":{"1":{"name":"TokenTemplate","line":10,"loc":{"start":{"line":10,"column":2},"end":{"line":10,"column":90}}}},"statementMap":{"1":{"start":{"line":11,"column":4},"end":{"line":11,"column":15}},"2":{"start":{"line":12,"column":4},"end":{"line":12,"column":19}},"3":{"start":{"line":13,"column":4},"end":{"line":13,"column":44}},"4":{"start":{"line":14,"column":4},"end":{"line":14,"column":37}}},"branchMap":{}},"contracts/token/ERC20/BasicToken.sol":{"l":{"23":0,"32":0,"33":0,"36":0,"37":0,"38":0,"39":0,"48":0},"path":"/home/hayek/proj/igave-contracts/contracts/token/ERC20/BasicToken.sol","s":{"1":0,"2":0,"3":0,"4":0,"5":0,"6":0,"7":0,"8":0},"b":{"1":[0,0],"2":[0,0]},"f":{"1":0,"2":0,"3":0},"fnMap":{"1":{"name":"totalSupply","line":22,"loc":{"start":{"line":22,"column":2},"end":{"line":22,"column":54}}},"2":{"name":"transfer","line":31,"loc":{"start":{"line":31,"column":2},"end":{"line":31,"column":70}}},"3":{"name":"balanceOf","line":47,"loc":{"start":{"line":47,"column":2},"end":{"line":47,"column":74}}}},"statementMap":{"1":{"start":{"line":23,"column":4},"end":{"line":23,"column":23}},"2":{"start":{"line":32,"column":4},"end":{"line":32,"column":29}},"3":{"start":{"line":33,"column":4},"end":{"line":33,"column":42}},"4":{"start":{"line":36,"column":4},"end":{"line":36,"column":58}},"5":{"start":{"line":37,"column":4},"end":{"line":37,"column":44}},"6":{"start":{"line":38,"column":4},"end":{"line":38,"column":36}},"7":{"start":{"line":39,"column":4},"end":{"line":39,"column":15}},"8":{"start":{"line":48,"column":4},"end":{"line":48,"column":27}}},"branchMap":{"1":{"line":32,"type":"if","locations":[{"start":{"line":32,"column":4},"end":{"line":32,"column":4}},{"start":{"line":32,"column":4},"end":{"line":32,"column":4}}]},"2":{"line":33,"type":"if","locations":[{"start":{"line":33,"column":4},"end":{"line":33,"column":4}},{"start":{"line":33,"column":4},"end":{"line":33,"column":4}}]}}},"contracts/token/ERC20/ERC20.sol":{"l":{},"path":"/home/hayek/proj/igave-contracts/contracts/token/ERC20/ERC20.sol","s":{},"b":{},"f":{},"fnMap":{},"statementMap":{},"branchMap":{}},"contracts/token/ERC20/ERC20Basic.sol":{"l":{},"path":"/home/hayek/proj/igave-contracts/contracts/token/ERC20/ERC20Basic.sol","s":{},"b":{},"f":{},"fnMap":{},"statementMap":{},"branchMap":{}},"contracts/token/ERC20/MintableToken.sol":{"l":{"21":0,"22":0,"32":0,"33":0,"34":0,"35":0,"36":0,"44":0,"45":0,"46":0},"path":"/home/hayek/proj/igave-contracts/contracts/token/ERC20/MintableToken.sol","s":{"1":0,"2":0,"3":0,"4":0,"5":0,"6":0,"7":0,"8":0,"9":0},"b":{"1":[0,0]},"f":{"1":0,"2":0,"3":0},"fnMap":{"1":{"name":"canMint","line":20,"loc":{"start":{"line":20,"column":2},"end":{"line":20,"column":20}}},"2":{"name":"mint","line":31,"loc":{"start":{"line":31,"column":2},"end":{"line":31,"column":85}}},"3":{"name":"finishMinting","line":43,"loc":{"start":{"line":43,"column":2},"end":{"line":43,"column":66}}}},"statementMap":{"1":{"start":{"line":21,"column":4},"end":{"line":21,"column":28}},"2":{"start":{"line":32,"column":4},"end":{"line":32,"column":43}},"3":{"start":{"line":33,"column":4},"end":{"line":33,"column":45}},"4":{"start":{"line":34,"column":4},"end":{"line":34,"column":21}},"5":{"start":{"line":35,"column":4},"end":{"line":35,"column":37}},"6":{"start":{"line":36,"column":4},"end":{"line":36,"column":15}},"7":{"start":{"line":44,"column":4},"end":{"line":44,"column":25}},"8":{"start":{"line":45,"column":4},"end":{"line":45,"column":17}},"9":{"start":{"line":46,"column":4},"end":{"line":46,"column":15}}},"branchMap":{"1":{"line":21,"type":"if","locations":[{"start":{"line":21,"column":4},"end":{"line":21,"column":4}},{"start":{"line":21,"column":4},"end":{"line":21,"column":4}}]}}},"contracts/token/ERC20/StandardToken.sol":{"l":{"26":0,"27":0,"28":0,"30":0,"31":0,"32":0,"33":0,"34":0,"48":0,"49":0,"50":0,"60":0,"74":0,"75":0,"76":0,"90":0,"91":0,"92":0,"94":0,"96":0,"97":0},"path":"/home/hayek/proj/igave-contracts/contracts/token/ERC20/StandardToken.sol","s":{"1":0,"2":0,"3":0,"4":0,"5":0,"6":0,"7":0,"8":0,"9":0,"10":0,"11":0,"12":0,"13":0,"14":0,"15":0,"16":0,"17":0,"18":0,"19":0,"20":0,"21":0},"b":{"1":[0,0],"2":[0,0],"3":[0,0],"4":[0,0]},"f":{"1":0,"2":0,"3":0,"4":0,"5":0},"fnMap":{"1":{"name":"transferFrom","line":25,"loc":{"start":{"line":25,"column":2},"end":{"line":25,"column":89}}},"2":{"name":"approve","line":47,"loc":{"start":{"line":47,"column":2},"end":{"line":47,"column":74}}},"3":{"name":"allowance","line":59,"loc":{"start":{"line":59,"column":2},"end":{"line":59,"column":84}}},"4":{"name":"increaseApproval","line":73,"loc":{"start":{"line":73,"column":2},"end":{"line":73,"column":85}}},"5":{"name":"decreaseApproval","line":89,"loc":{"start":{"line":89,"column":2},"end":{"line":89,"column":90}}}},"statementMap":{"1":{"start":{"line":26,"column":4},"end":{"line":26,"column":29}},"2":{"start":{"line":27,"column":4},"end":{"line":27,"column":37}},"3":{"start":{"line":28,"column":4},"end":{"line":28,"column":48}},"4":{"start":{"line":30,"column":4},"end":{"line":30,"column":48}},"5":{"start":{"line":31,"column":4},"end":{"line":31,"column":44}},"6":{"start":{"line":32,"column":4},"end":{"line":32,"column":70}},"7":{"start":{"line":33,"column":4},"end":{"line":33,"column":31}},"8":{"start":{"line":34,"column":4},"end":{"line":34,"column":15}},"9":{"start":{"line":48,"column":4},"end":{"line":48,"column":41}},"10":{"start":{"line":49,"column":4},"end":{"line":49,"column":41}},"11":{"start":{"line":50,"column":4},"end":{"line":50,"column":15}},"12":{"start":{"line":60,"column":4},"end":{"line":60,"column":36}},"13":{"start":{"line":74,"column":4},"end":{"line":74,"column":81}},"14":{"start":{"line":75,"column":4},"end":{"line":75,"column":64}},"15":{"start":{"line":76,"column":4},"end":{"line":76,"column":15}},"16":{"start":{"line":90,"column":4},"end":{"line":90,"column":48}},"17":{"start":{"line":91,"column":4},"end":{"line":91,"column":3752}},"18":{"start":{"line":92,"column":6},"end":{"line":92,"column":38}},"19":{"start":{"line":94,"column":6},"end":{"line":94,"column":67}},"20":{"start":{"line":96,"column":4},"end":{"line":96,"column":64}},"21":{"start":{"line":97,"column":4},"end":{"line":97,"column":15}}},"branchMap":{"1":{"line":26,"type":"if","locations":[{"start":{"line":26,"column":4},"end":{"line":26,"column":4}},{"start":{"line":26,"column":4},"end":{"line":26,"column":4}}]},"2":{"line":27,"type":"if","locations":[{"start":{"line":27,"column":4},"end":{"line":27,"column":4}},{"start":{"line":27,"column":4},"end":{"line":27,"column":4}}]},"3":{"line":28,"type":"if","locations":[{"start":{"line":28,"column":4},"end":{"line":28,"column":4}},{"start":{"line":28,"column":4},"end":{"line":28,"column":4}}]},"4":{"line":91,"type":"if","locations":[{"start":{"line":91,"column":4},"end":{"line":91,"column":4}},{"start":{"line":91,"column":4},"end":{"line":91,"column":4}}]}}},"contracts/token/ERC721/ERC721.sol":{"l":{},"path":"/home/hayek/proj/igave-contracts/contracts/token/ERC721/ERC721.sol","s":{},"b":{},"f":{},"fnMap":{},"statementMap":{},"branchMap":{}},"contracts/token/ERC721/ERC721Token.sol":{"l":{"33":0,"34":0,"42":0,"51":1,"60":0,"69":0,"70":0,"71":0,"80":0,"89":0,"98":0,"99":0,"100":0,"101":0,"102":0,"111":0,"112":0,"121":1,"122":1,"123":1,"131":0,"132":0,"134":0,"135":0,"146":0,"156":0,"157":0,"158":0,"160":0,"161":0,"162":0,"163":0,"171":0,"172":0,"173":0,"182":1,"183":1,"184":1,"185":1,"186":1,"187":1,"196":0,"198":0,"199":0,"200":0,"202":0,"203":0,"204":0,"209":0,"210":0,"211":0,"212":0},"path":"/home/hayek/proj/igave-contracts/contracts/token/ERC721/ERC721Token.sol","s":{"1":0,"2":0,"3":1,"4":0,"5":0,"6":0,"7":0,"8":0,"9":0,"10":0,"11":0,"12":0,"13":0,"14":0,"15":0,"16":0,"17":1,"18":1,"19":1,"20":0,"21":0,"22":0,"23":0,"24":0,"25":0,"26":0,"27":0,"28":0,"29":0,"30":0,"31":0,"32":0,"33":0,"34":0,"35":1,"36":1,"37":1,"38":1,"39":1,"40":0,"41":0,"42":0,"43":0,"44":0,"45":0,"46":0,"47":0,"48":0,"49":0},"b":{"1":[0,0],"2":[0,0],"3":[0,0],"4":[0,0],"5":[0,0],"6":[1,0],"7":[0,0],"8":[0,0],"9":[0,0],"10":[0,0],"11":[0,0],"12":[1,0],"13":[0,0]},"f":{"1":0,"2":0,"3":1,"4":0,"5":0,"6":0,"7":0,"8":0,"9":0,"10":1,"11":0,"12":0,"13":0,"14":0,"15":1,"16":0},"fnMap":{"1":{"name":"onlyOwnerOf","line":32,"loc":{"start":{"line":32,"column":2},"end":{"line":32,"column":40}}},"2":{"name":"totalSupply","line":41,"loc":{"start":{"line":41,"column":2},"end":{"line":41,"column":54}}},"3":{"name":"balanceOf","line":50,"loc":{"start":{"line":50,"column":2},"end":{"line":50,"column":66}}},"4":{"name":"tokensOf","line":59,"loc":{"start":{"line":59,"column":2},"end":{"line":59,"column":67}}},"5":{"name":"ownerOf","line":68,"loc":{"start":{"line":68,"column":2},"end":{"line":68,"column":66}}},"6":{"name":"approvedFor","line":79,"loc":{"start":{"line":79,"column":2},"end":{"line":79,"column":70}}},"7":{"name":"transfer","line":88,"loc":{"start":{"line":88,"column":2},"end":{"line":88,"column":79}}},"8":{"name":"approve","line":97,"loc":{"start":{"line":97,"column":2},"end":{"line":97,"column":78}}},"9":{"name":"takeOwnership","line":110,"loc":{"start":{"line":110,"column":2},"end":{"line":110,"column":49}}},"10":{"name":"_mint","line":120,"loc":{"start":{"line":120,"column":2},"end":{"line":120,"column":56}}},"11":{"name":"_burn","line":130,"loc":{"start":{"line":130,"column":2},"end":{"line":130,"column":65}}},"12":{"name":"isApprovedFor","line":145,"loc":{"start":{"line":145,"column":2},"end":{"line":145,"column":87}}},"13":{"name":"clearApprovalAndTransfer","line":155,"loc":{"start":{"line":155,"column":2},"end":{"line":155,"column":90}}},"14":{"name":"clearApproval","line":170,"loc":{"start":{"line":170,"column":2},"end":{"line":170,"column":66}}},"15":{"name":"addToken","line":181,"loc":{"start":{"line":181,"column":2},"end":{"line":181,"column":58}}},"16":{"name":"removeToken","line":195,"loc":{"start":{"line":195,"column":2},"end":{"line":195,"column":63}}}},"statementMap":{"1":{"start":{"line":33,"column":4},"end":{"line":33,"column":43}},"2":{"start":{"line":42,"column":4},"end":{"line":42,"column":22}},"3":{"start":{"line":51,"column":4},"end":{"line":51,"column":37}},"4":{"start":{"line":60,"column":4},"end":{"line":60,"column":30}},"5":{"start":{"line":69,"column":4},"end":{"line":69,"column":39}},"6":{"start":{"line":70,"column":4},"end":{"line":70,"column":31}},"7":{"start":{"line":71,"column":4},"end":{"line":71,"column":16}},"8":{"start":{"line":80,"column":4},"end":{"line":80,"column":35}},"9":{"start":{"line":89,"column":4},"end":{"line":89,"column":54}},"10":{"start":{"line":98,"column":4},"end":{"line":98,"column":36}},"11":{"start":{"line":99,"column":4},"end":{"line":99,"column":24}},"12":{"start":{"line":100,"column":4},"end":{"line":100,"column":3274}},"13":{"start":{"line":101,"column":6},"end":{"line":101,"column":35}},"14":{"start":{"line":102,"column":6},"end":{"line":102,"column":35}},"15":{"start":{"line":111,"column":4},"end":{"line":111,"column":47}},"16":{"start":{"line":112,"column":4},"end":{"line":112,"column":68}},"17":{"start":{"line":121,"column":4},"end":{"line":121,"column":29}},"18":{"start":{"line":122,"column":4},"end":{"line":122,"column":26}},"19":{"start":{"line":123,"column":4},"end":{"line":123,"column":31}},"20":{"start":{"line":131,"column":4},"end":{"line":131,"column":4244}},"21":{"start":{"line":132,"column":6},"end":{"line":132,"column":40}},"22":{"start":{"line":134,"column":4},"end":{"line":134,"column":36}},"23":{"start":{"line":135,"column":4},"end":{"line":135,"column":38}},"24":{"start":{"line":146,"column":4},"end":{"line":146,"column":42}},"25":{"start":{"line":156,"column":4},"end":{"line":156,"column":29}},"26":{"start":{"line":157,"column":4},"end":{"line":157,"column":36}},"27":{"start":{"line":158,"column":4},"end":{"line":158,"column":38}},"28":{"start":{"line":160,"column":4},"end":{"line":160,"column":33}},"29":{"start":{"line":161,"column":4},"end":{"line":161,"column":31}},"30":{"start":{"line":162,"column":4},"end":{"line":162,"column":26}},"31":{"start":{"line":163,"column":4},"end":{"line":163,"column":33}},"32":{"start":{"line":171,"column":4},"end":{"line":171,"column":39}},"33":{"start":{"line":172,"column":4},"end":{"line":172,"column":31}},"34":{"start":{"line":173,"column":4},"end":{"line":173,"column":32}},"35":{"start":{"line":182,"column":4},"end":{"line":182,"column":46}},"36":{"start":{"line":183,"column":4},"end":{"line":183,"column":29}},"37":{"start":{"line":184,"column":4},"end":{"line":184,"column":34}},"38":{"start":{"line":186,"column":4},"end":{"line":186,"column":38}},"39":{"start":{"line":187,"column":4},"end":{"line":187,"column":35}},"40":{"start":{"line":196,"column":4},"end":{"line":196,"column":38}},"41":{"start":{"line":198,"column":4},"end":{"line":198,"column":50}},"42":{"start":{"line":199,"column":4},"end":{"line":199,"column":51}},"43":{"start":{"line":200,"column":4},"end":{"line":200,"column":57}},"44":{"start":{"line":202,"column":4},"end":{"line":202,"column":27}},"45":{"start":{"line":203,"column":4},"end":{"line":203,"column":45}},"46":{"start":{"line":204,"column":4},"end":{"line":204,"column":41}},"47":{"start":{"line":210,"column":4},"end":{"line":210,"column":33}},"48":{"start":{"line":211,"column":4},"end":{"line":211,"column":43}},"49":{"start":{"line":212,"column":4},"end":{"line":212,"column":35}}},"branchMap":{"1":{"line":33,"type":"if","locations":[{"start":{"line":33,"column":4},"end":{"line":33,"column":4}},{"start":{"line":33,"column":4},"end":{"line":33,"column":4}}]},"2":{"line":70,"type":"if","locations":[{"start":{"line":70,"column":4},"end":{"line":70,"column":4}},{"start":{"line":70,"column":4},"end":{"line":70,"column":4}}]},"3":{"line":99,"type":"if","locations":[{"start":{"line":99,"column":4},"end":{"line":99,"column":4}},{"start":{"line":99,"column":4},"end":{"line":99,"column":4}}]},"4":{"line":100,"type":"if","locations":[{"start":{"line":100,"column":4},"end":{"line":100,"column":4}},{"start":{"line":100,"column":4},"end":{"line":100,"column":4}}]},"5":{"line":111,"type":"if","locations":[{"start":{"line":111,"column":4},"end":{"line":111,"column":4}},{"start":{"line":111,"column":4},"end":{"line":111,"column":4}}]},"6":{"line":121,"type":"if","locations":[{"start":{"line":121,"column":4},"end":{"line":121,"column":4}},{"start":{"line":121,"column":4},"end":{"line":121,"column":4}}]},"7":{"line":131,"type":"if","locations":[{"start":{"line":131,"column":4},"end":{"line":131,"column":4}},{"start":{"line":131,"column":4},"end":{"line":131,"column":4}}]},"8":{"line":156,"type":"if","locations":[{"start":{"line":156,"column":4},"end":{"line":156,"column":4}},{"start":{"line":156,"column":4},"end":{"line":156,"column":4}}]},"9":{"line":157,"type":"if","locations":[{"start":{"line":157,"column":4},"end":{"line":157,"column":4}},{"start":{"line":157,"column":4},"end":{"line":157,"column":4}}]},"10":{"line":158,"type":"if","locations":[{"start":{"line":158,"column":4},"end":{"line":158,"column":4}},{"start":{"line":158,"column":4},"end":{"line":158,"column":4}}]},"11":{"line":171,"type":"if","locations":[{"start":{"line":171,"column":4},"end":{"line":171,"column":4}},{"start":{"line":171,"column":4},"end":{"line":171,"column":4}}]},"12":{"line":182,"type":"if","locations":[{"start":{"line":182,"column":4},"end":{"line":182,"column":4}},{"start":{"line":182,"column":4},"end":{"line":182,"column":4}}]},"13":{"line":196,"type":"if","locations":[{"start":{"line":196,"column":4},"end":{"line":196,"column":4}},{"start":{"line":196,"column":4},"end":{"line":196,"column":4}}]}}},"contracts/util/Ownable.sol":{"l":{"21":4,"28":0,"29":0,"37":0,"38":0,"39":0},"path":"/home/hayek/proj/igave-contracts/contracts/util/Ownable.sol","s":{"1":4,"2":0,"3":0,"4":0,"5":0},"b":{"1":[0,0],"2":[0,0]},"f":{"1":4,"2":0,"3":0},"fnMap":{"1":{"name":"Ownable","line":20,"loc":{"start":{"line":20,"column":2},"end":{"line":20,"column":27}}},"2":{"name":"onlyOwner","line":27,"loc":{"start":{"line":27,"column":2},"end":{"line":27,"column":22}}},"3":{"name":"transferOwnership","line":36,"loc":{"start":{"line":36,"column":2},"end":{"line":36,"column":63}}}},"statementMap":{"1":{"start":{"line":21,"column":4},"end":{"line":21,"column":21}},"2":{"start":{"line":28,"column":4},"end":{"line":28,"column":31}},"3":{"start":{"line":37,"column":4},"end":{"line":37,"column":34}},"4":{"start":{"line":38,"column":4},"end":{"line":38,"column":40}},"5":{"start":{"line":39,"column":4},"end":{"line":39,"column":19}}},"branchMap":{"1":{"line":28,"type":"if","locations":[{"start":{"line":28,"column":4},"end":{"line":28,"column":4}},{"start":{"line":28,"column":4},"end":{"line":28,"column":4}}]},"2":{"line":37,"type":"if","locations":[{"start":{"line":37,"column":4},"end":{"line":37,"column":4}},{"start":{"line":37,"column":4},"end":{"line":37,"column":4}}]}}},"contracts/util/SafeMath.sol":{"l":{"14":0,"15":0,"17":0,"18":0,"19":0,"27":0,"29":0,"36":0,"37":0,"44":1,"45":1,"46":1},"path":"/home/hayek/proj/igave-contracts/contracts/util/SafeMath.sol","s":{"1":0,"2":0,"3":0,"4":0,"5":0,"6":0,"7":0,"8":0,"9":0,"10":1,"11":1,"12":1},"b":{"1":[0,0],"2":[0,0],"3":[0,0],"4":[1,0]},"f":{"1":0,"2":0,"3":0,"4":1},"fnMap":{"1":{"name":"mul","line":13,"loc":{"start":{"line":13,"column":2},"end":{"line":13,"column":68}}},"2":{"name":"div","line":25,"loc":{"start":{"line":25,"column":2},"end":{"line":25,"column":68}}},"3":{"name":"sub","line":35,"loc":{"start":{"line":35,"column":2},"end":{"line":35,"column":68}}},"4":{"name":"add","line":43,"loc":{"start":{"line":43,"column":2},"end":{"line":43,"column":68}}}},"statementMap":{"1":{"start":{"line":14,"column":4},"end":{"line":14,"column":280}},"2":{"start":{"line":15,"column":6},"end":{"line":15,"column":14}},"3":{"start":{"line":17,"column":4},"end":{"line":17,"column":20}},"4":{"start":{"line":18,"column":4},"end":{"line":18,"column":21}},"5":{"start":{"line":19,"column":4},"end":{"line":19,"column":12}},"6":{"start":{"line":27,"column":4},"end":{"line":27,"column":20}},"7":{"start":{"line":29,"column":4},"end":{"line":29,"column":12}},"8":{"start":{"line":36,"column":4},"end":{"line":36,"column":17}},"9":{"start":{"line":37,"column":4},"end":{"line":37,"column":16}},"10":{"start":{"line":44,"column":4},"end":{"line":44,"column":20}},"11":{"start":{"line":45,"column":4},"end":{"line":45,"column":17}},"12":{"start":{"line":46,"column":4},"end":{"line":46,"column":12}}},"branchMap":{"1":{"line":14,"type":"if","locations":[{"start":{"line":14,"column":4},"end":{"line":14,"column":4}},{"start":{"line":14,"column":4},"end":{"line":14,"column":4}}]},"2":{"line":18,"type":"if","locations":[{"start":{"line":18,"column":4},"end":{"line":18,"column":4}},{"start":{"line":18,"column":4},"end":{"line":18,"column":4}}]},"3":{"line":36,"type":"if","locations":[{"start":{"line":36,"column":4},"end":{"line":36,"column":4}},{"start":{"line":36,"column":4},"end":{"line":36,"column":4}}]},"4":{"line":45,"type":"if","locations":[{"start":{"line":45,"column":4},"end":{"line":45,"column":4}},{"start":{"line":45,"column":4},"end":{"line":45,"column":4}}]}}}}